<testExecutions version="1">
<file path="src\__tests__\Intro.test.js">
<testCase name="loads GLTF file successfully" duration="54">
<failure message="Error"><![CDATA[TestingLibraryElementError: Unable to find an element by: [data-testid=&quot;primitive&quot;]

Ignored nodes: comments, script, style
&lt;body&gt;
  &lt;div&gt;
    &lt;group
      position-y=&quot;-1.03&quot;
      rotation-x=&quot;0.09424777960769379&quot;
      scale=&quot;2&quot;
    &gt;
      &lt;primitive
        object=&quot;[object Object]&quot;
      /&gt;
    &lt;/group&gt;
  &lt;/div&gt;
&lt;/body&gt;
    at Object.getElementError (C:\Users\USUARIO\Desktop\MemoriesOfTheNile\node_modules\@testing-library\dom\dist\config.js:37:19)
    at C:\Users\USUARIO\Desktop\MemoriesOfTheNile\node_modules\@testing-library\dom\dist\query-helpers.js:76:38
    at C:\Users\USUARIO\Desktop\MemoriesOfTheNile\node_modules\@testing-library\dom\dist\query-helpers.js:52:17
    at getByTestId (C:\Users\USUARIO\Desktop\MemoriesOfTheNile\node_modules\@testing-library\dom\dist\query-helpers.js:95:19)
    at Object.&lt;anonymous&gt; (C:\Users\USUARIO\Desktop\MemoriesOfTheNile\src\__tests__\Intro.test.js:12:21)
    at Promise.then.completed (C:\Users\USUARIO\Desktop\MemoriesOfTheNile\node_modules\jest-circus\build\utils.js:391:28)
    at new Promise (&lt;anonymous&gt;)
    at callAsyncCircusFn (C:\Users\USUARIO\Desktop\MemoriesOfTheNile\node_modules\jest-circus\build\utils.js:316:10)
    at _callCircusTest (C:\Users\USUARIO\Desktop\MemoriesOfTheNile\node_modules\jest-circus\build\run.js:218:40)
    at processTicksAndRejections (node:internal/process/task_queues:96:5)
    at _runTest (C:\Users\USUARIO\Desktop\MemoriesOfTheNile\node_modules\jest-circus\build\run.js:155:3)
    at _runTestsForDescribeBlock (C:\Users\USUARIO\Desktop\MemoriesOfTheNile\node_modules\jest-circus\build\run.js:66:9)
    at run (C:\Users\USUARIO\Desktop\MemoriesOfTheNile\node_modules\jest-circus\build\run.js:25:3)
    at runAndTransformResultsToJestFormat (C:\Users\USUARIO\Desktop\MemoriesOfTheNile\node_modules\jest-circus\build\legacy-code-todo-rewrite\jestAdapterInit.js:170:21)
    at jestAdapter (C:\Users\USUARIO\Desktop\MemoriesOfTheNile\node_modules\jest-circus\build\legacy-code-todo-rewrite\jestAdapter.js:82:19)
    at runTestInternal (C:\Users\USUARIO\Desktop\MemoriesOfTheNile\node_modules\jest-runner\build\runTest.js:389:16)
    at runTest (C:\Users\USUARIO\Desktop\MemoriesOfTheNile\node_modules\jest-runner\build\runTest.js:475:34)
    at Object.worker (C:\Users\USUARIO\Desktop\MemoriesOfTheNile\node_modules\jest-runner\build\testWorker.js:133:12)]]></failure>
</testCase>
</file>
<file path="src\__tests__\Pyramid.test.js">
<testCase name="Pyramid_function test_pyramid_renders_without_errors" duration="1" />
<testCase name="Pyramid_function test_pyramid_rotation_prop_is_applied_correctly" duration="1" />
</file>
<file path="src\__tests__\index.test.js">
<testCase name="renders without crashing" duration="61" />
</file>
<file path="src\__tests__\Experience.test.js">
<testCase name="renders Experience component correctly" duration="53">
<failure message="Error"><![CDATA[Error: expect(received).toBeInTheDocument()

received value must be an HTMLElement or an SVGElement.
Received has value: null
    at __EXTERNAL_MATCHER_TRAP__ (C:\Users\USUARIO\Desktop\MemoriesOfTheNile\node_modules\expect\build\index.js:386:30)
    at Object.toBeInTheDocument (C:\Users\USUARIO\Desktop\MemoriesOfTheNile\node_modules\expect\build\index.js:387:15)
    at Object.&lt;anonymous&gt; (C:\Users\USUARIO\Desktop\MemoriesOfTheNile\src\__tests__\Experience.test.js:17:24)
    at Promise.then.completed (C:\Users\USUARIO\Desktop\MemoriesOfTheNile\node_modules\jest-circus\build\utils.js:391:28)
    at new Promise (&lt;anonymous&gt;)
    at callAsyncCircusFn (C:\Users\USUARIO\Desktop\MemoriesOfTheNile\node_modules\jest-circus\build\utils.js:316:10)
    at _callCircusTest (C:\Users\USUARIO\Desktop\MemoriesOfTheNile\node_modules\jest-circus\build\run.js:218:40)
    at processTicksAndRejections (node:internal/process/task_queues:96:5)
    at _runTest (C:\Users\USUARIO\Desktop\MemoriesOfTheNile\node_modules\jest-circus\build\run.js:155:3)
    at _runTestsForDescribeBlock (C:\Users\USUARIO\Desktop\MemoriesOfTheNile\node_modules\jest-circus\build\run.js:66:9)
    at run (C:\Users\USUARIO\Desktop\MemoriesOfTheNile\node_modules\jest-circus\build\run.js:25:3)
    at runAndTransformResultsToJestFormat (C:\Users\USUARIO\Desktop\MemoriesOfTheNile\node_modules\jest-circus\build\legacy-code-todo-rewrite\jestAdapterInit.js:170:21)
    at jestAdapter (C:\Users\USUARIO\Desktop\MemoriesOfTheNile\node_modules\jest-circus\build\legacy-code-todo-rewrite\jestAdapter.js:82:19)
    at runTestInternal (C:\Users\USUARIO\Desktop\MemoriesOfTheNile\node_modules\jest-runner\build\runTest.js:389:16)
    at runTest (C:\Users\USUARIO\Desktop\MemoriesOfTheNile\node_modules\jest-runner\build\runTest.js:475:34)
    at Object.worker (C:\Users\USUARIO\Desktop\MemoriesOfTheNile\node_modules\jest-runner\build\testWorker.js:133:12)]]></failure>
</testCase>
</file>
</testExecutions>